[INFO] Scanning for projects...
[INFO] 
[INFO] ----------------------< org.openpnp:openpnp-gui >-----------------------
[INFO] Building openpnp-gui 0.0.1-alpha-SNAPSHOT
[INFO]   from pom_for_clover.xml
[INFO] --------------------------------[ jar ]---------------------------------
[INFO] 
[INFO] --- maven-clean-plugin:2.5:clean (default-clean) @ openpnp-gui ---
[INFO] Deleting /Users/jun/Documents/TA/CS527/milestone_answer/workspace/milestone3/openpnp-openpnp-130246850/Patched-Version/target
[INFO] 
[INFO] --- buildnumber-maven-plugin:1.3:create (default) @ openpnp-gui ---
[INFO] ShortRevision tag detected. The value is '6'.
[INFO] Executing: /bin/sh -c cd /Users/jun/Documents/TA/CS527/milestone_answer/workspace/milestone3/openpnp-openpnp-130246850/Patched-Version && git rev-parse --verify --short=6 HEAD
[INFO] Working directory: /Users/jun/Documents/TA/CS527/milestone_answer/workspace/milestone3/openpnp-openpnp-130246850/Patched-Version
[INFO] Storing buildNumber: 86e7ee at timestamp: 1717570167384
[WARNING] Cannot get the branch information from the git repository: 
Detecting the current branch failed: fatal: ref HEAD is not a symbolic ref

[INFO] ShortRevision tag detected. The value is '6'.
[INFO] Executing: /bin/sh -c cd /Users/jun/Documents/TA/CS527/milestone_answer/workspace/milestone3/openpnp-openpnp-130246850/Patched-Version && git rev-parse --verify --short=6 HEAD
[INFO] Working directory: /Users/jun/Documents/TA/CS527/milestone_answer/workspace/milestone3/openpnp-openpnp-130246850/Patched-Version
[INFO] Storing buildScmBranch: UNKNOWN
[INFO] 
[INFO] --- maven-resources-plugin:2.6:resources (default-resources) @ openpnp-gui ---
[INFO] Using 'UTF-8' encoding to copy filtered resources.
[INFO] Copying 52 resources
[INFO] 
[INFO] --- maven-compiler-plugin:3.1:compile (default-compile) @ openpnp-gui ---
[INFO] Changes detected - recompiling the module!
[INFO] Compiling 344 source files to /Users/jun/Documents/TA/CS527/milestone_answer/workspace/milestone3/openpnp-openpnp-130246850/Patched-Version/target/classes
[WARNING] /Users/jun/Documents/TA/CS527/milestone_answer/workspace/milestone3/openpnp-openpnp-130246850/Patched-Version/src/main/java/org/openpnp/machine/reference/ReferenceMachine.java: Some input files use or override a deprecated API.
[WARNING] /Users/jun/Documents/TA/CS527/milestone_answer/workspace/milestone3/openpnp-openpnp-130246850/Patched-Version/src/main/java/org/openpnp/machine/reference/ReferenceMachine.java: Recompile with -Xlint:deprecation for details.
[WARNING] /Users/jun/Documents/TA/CS527/milestone_answer/workspace/milestone3/openpnp-openpnp-130246850/Patched-Version/src/main/java/org/openpnp/gui/support/AbstractConfigurationWizard.java: Some input files use unchecked or unsafe operations.
[WARNING] /Users/jun/Documents/TA/CS527/milestone_answer/workspace/milestone3/openpnp-openpnp-130246850/Patched-Version/src/main/java/org/openpnp/gui/support/AbstractConfigurationWizard.java: Recompile with -Xlint:unchecked for details.
[INFO] 
[INFO] --- maven-resources-plugin:2.6:testResources (default-testResources) @ openpnp-gui ---
[INFO] Using 'UTF-8' encoding to copy filtered resources.
[INFO] Copying 6 resources
[INFO] 
[INFO] --- maven-compiler-plugin:3.1:testCompile (default-testCompile) @ openpnp-gui ---
[INFO] Changes detected - recompiling the module!
[INFO] Compiling 11 source files to /Users/jun/Documents/TA/CS527/milestone_answer/workspace/milestone3/openpnp-openpnp-130246850/Patched-Version/target/test-classes
[WARNING] /Users/jun/Documents/TA/CS527/milestone_answer/workspace/milestone3/openpnp-openpnp-130246850/Patched-Version/src/test/java/Utils2DTest.java: /Users/jun/Documents/TA/CS527/milestone_answer/workspace/milestone3/openpnp-openpnp-130246850/Patched-Version/src/test/java/Utils2DTest.java uses or overrides a deprecated API.
[WARNING] /Users/jun/Documents/TA/CS527/milestone_answer/workspace/milestone3/openpnp-openpnp-130246850/Patched-Version/src/test/java/Utils2DTest.java: Recompile with -Xlint:deprecation for details.
[INFO] 
[INFO] --- maven-surefire-plugin:2.12.4:test (default-test) @ openpnp-gui ---
[INFO] Surefire report directory: /Users/jun/Documents/TA/CS527/milestone_answer/workspace/milestone3/openpnp-openpnp-130246850/Patched-Version/target/surefire-reports

-------------------------------------------------------
 T E S T S
-------------------------------------------------------
Running Utils2DTest
test1
board: (5.000000, 15.000000, -8.000000, 0.000000 mm) 100mm
place: (55.000000, 5.000000, 0.000000, 0.000000 mm)
results (60.000000, 20.000000, -8.000000, 0.000000 mm)
test2
results (45.580602, 17.699407, -8.000000, 0.000000 mm)
test3
results (70.497539, 1.865309, -8.000000, 0.000000 mm)
test4
test5
results (69.142136, 12.071068, -8.000000, 0.000000 mm)
test6
board: (30.004000, 31.386000, -8.000000, 74.646000 mm) 100mm
place: (31.000000, 6.000000, 0.000000, 0.000000 mm)
results (32.426392, 62.868249, -8.000000, 74.646000 mm)
inverse: (31.000000, 6.000000, 0.000000, 0.000000 mm)
results (32.426392, 62.868249, -8.000000, 74.646000 mm)
test7
test8
board: (5.000000, 15.000000, -8.000000, 0.000000 mm) Width=100.0
place: (55.000000, 5.000000, 0.000000, 0.000000 mm)
results (50.000000, 20.000000, -8.000000, 0.000000 mm)
test9
results (35.580602, 17.699407, -8.000000, 0.000000 mm)
test10
results (60.497539, 1.865309, -8.000000, 0.000000 mm)
test11
test12
results (59.142136, 12.071068, -8.000000, 0.000000 mm)
test13
idealA (3.846353, 39.336512, 0.000000, 10.000000 mm)
idealB (58.296186, 18.474689, 0.000000, 10.000000 mm)
offset (10.000000, 10.000000, 0.000000, -3.000000 mm)
actualA (15.697304, 49.348462, 0.000000, 7.000000 mm)
actualB (68.980692, 25.665545, 0.000000, 7.000000 mm)
results (9.797509, 10.267162, 0.000000, -3.000000 mm)
results (9.797509, 10.267162, 0.000000, -3.000000 mm)
results (9.588165, 10.272644, 0.000000, -3.000000 mm)
Tests run: 2, Failures: 0, Errors: 0, Skipped: 0, Time elapsed: 0.082 sec
Running BasicJobTest
Configuration directory: /var/folders/9b/flm_0ch13sbfkx6hysxjlch80000gn/T/1717570188763-0/.openpnp
14:49:52,996 setEnabled(true)
14:49:53,001 Start R1
14:49:53,002 moveTo(ReferenceNozzle, (-10.000000, 0.000000, 0.000000, 0.000000 mm), 1.0)
14:49:53,003 pick(ReferenceNozzle ReferenceNozzleTip)
14:49:53,004 Start R2
14:49:53,005 moveTo(ReferenceNozzle, (-20.000000, 0.000000, 0.000000, 0.000000 mm), 1.0)
14:49:53,006 pick(ReferenceNozzle ReferenceNozzleTip)
14:49:53,075 moveTo(ReferenceNozzle, (0.000000, 10.000000, 0.000000, 45.000000 mm), 1.0)
14:49:53,075 moveTo(ReferenceNozzle, (0.000000, 10.000000, 0.825500, 45.000000 mm), 1.0)
14:49:53,075 place(ReferenceNozzle ReferenceNozzleTip)
14:49:53,076 moveTo(ReferenceNozzle, (0.000000, 10.000000, 0.000000, 45.000000 mm), 1.0)
14:49:53,076 Finish R1
14:49:53,076 moveTo(ReferenceNozzle, (0.000000, 20.000000, 0.000000, 90.000000 mm), 1.0)
14:49:53,076 moveTo(ReferenceNozzle, (0.000000, 20.000000, 0.825500, 90.000000 mm), 1.0)
14:49:53,076 place(ReferenceNozzle ReferenceNozzleTip)
14:49:53,077 moveTo(ReferenceNozzle, (0.000000, 20.000000, 0.000000, 90.000000 mm), 1.0)
14:49:53,077 Finish R2
Tests run: 1, Failures: 0, Errors: 0, Skipped: 0, Time elapsed: 4.454 sec
Running EagleLoaderTest
Tests run: 2, Failures: 0, Errors: 2, Skipped: 0, Time elapsed: 0.037 sec <<< FAILURE!
testLoadSchematic(EagleLoaderTest)  Time elapsed: 0.031 sec  <<< ERROR!
java.lang.NoClassDefFoundError: com/sun/xml/bind/v2/model/annotation/AnnotationReader
	at java.lang.ClassLoader.defineClass1(Native Method)
	at java.lang.ClassLoader.defineClass(ClassLoader.java:763)
	at java.security.SecureClassLoader.defineClass(SecureClassLoader.java:142)
	at java.net.URLClassLoader.defineClass(URLClassLoader.java:468)
	at java.net.URLClassLoader.access$100(URLClassLoader.java:74)
	at java.net.URLClassLoader$1.run(URLClassLoader.java:369)
	at java.net.URLClassLoader$1.run(URLClassLoader.java:363)
	at java.security.AccessController.doPrivileged(Native Method)
	at java.net.URLClassLoader.findClass(URLClassLoader.java:362)
	at java.lang.ClassLoader.loadClass(ClassLoader.java:424)
	at sun.misc.Launcher$AppClassLoader.loadClass(Launcher.java:349)
	at java.lang.ClassLoader.loadClass(ClassLoader.java:357)
	at java.lang.Class.getDeclaredMethods0(Native Method)
	at java.lang.Class.privateGetDeclaredMethods(Class.java:2701)
	at java.lang.Class.privateGetMethodRecursive(Class.java:3048)
	at java.lang.Class.getMethod0(Class.java:3018)
	at java.lang.Class.getMethod(Class.java:1784)
	at javax.xml.bind.ContextFinder.newInstance(ContextFinder.java:169)
	at javax.xml.bind.ContextFinder.newInstance(ContextFinder.java:131)
	at javax.xml.bind.ContextFinder.find(ContextFinder.java:335)
	at javax.xml.bind.JAXBContext.newInstance(JAXBContext.java:431)
	at javax.xml.bind.JAXBContext.newInstance(JAXBContext.java:394)
	at javax.xml.bind.JAXBContext.newInstance(JAXBContext.java:298)
	at org.openpnp.model.eagle.EagleLoader.<init>(EagleLoader.java:48)
	at EagleLoaderTest.testLoadSchematic(EagleLoaderTest.java:25)
	at sun.reflect.NativeMethodAccessorImpl.invoke0(Native Method)
	at sun.reflect.NativeMethodAccessorImpl.invoke(NativeMethodAccessorImpl.java:62)
	at sun.reflect.DelegatingMethodAccessorImpl.invoke(DelegatingMethodAccessorImpl.java:43)
	at java.lang.reflect.Method.invoke(Method.java:498)
	at org.junit.runners.model.FrameworkMethod$1.runReflectiveCall(FrameworkMethod.java:50)
	at org.junit.internal.runners.model.ReflectiveCallable.run(ReflectiveCallable.java:12)
	at org.junit.runners.model.FrameworkMethod.invokeExplosively(FrameworkMethod.java:47)
	at org.junit.internal.runners.statements.InvokeMethod.evaluate(InvokeMethod.java:17)
	at org.junit.runners.ParentRunner.runLeaf(ParentRunner.java:325)
	at org.junit.runners.BlockJUnit4ClassRunner.runChild(BlockJUnit4ClassRunner.java:78)
	at org.junit.runners.BlockJUnit4ClassRunner.runChild(BlockJUnit4ClassRunner.java:57)
	at org.junit.runners.ParentRunner$3.run(ParentRunner.java:290)
	at org.junit.runners.ParentRunner$1.schedule(ParentRunner.java:71)
	at org.junit.runners.ParentRunner.runChildren(ParentRunner.java:288)
	at org.junit.runners.ParentRunner.access$000(ParentRunner.java:58)
	at org.junit.runners.ParentRunner$2.evaluate(ParentRunner.java:268)
	at org.junit.runners.ParentRunner.run(ParentRunner.java:363)
	at org.apache.maven.surefire.junit4.JUnit4Provider.execute(JUnit4Provider.java:252)
	at org.apache.maven.surefire.junit4.JUnit4Provider.executeTestSet(JUnit4Provider.java:141)
	at org.apache.maven.surefire.junit4.JUnit4Provider.invoke(JUnit4Provider.java:112)
	at sun.reflect.NativeMethodAccessorImpl.invoke0(Native Method)
	at sun.reflect.NativeMethodAccessorImpl.invoke(NativeMethodAccessorImpl.java:62)
	at sun.reflect.DelegatingMethodAccessorImpl.invoke(DelegatingMethodAccessorImpl.java:43)
	at java.lang.reflect.Method.invoke(Method.java:498)
	at org.apache.maven.surefire.util.ReflectionUtils.invokeMethodWithArray(ReflectionUtils.java:189)
	at org.apache.maven.surefire.booter.ProviderFactory$ProviderProxy.invoke(ProviderFactory.java:165)
	at org.apache.maven.surefire.booter.ProviderFactory.invokeProvider(ProviderFactory.java:85)
	at org.apache.maven.surefire.booter.ForkedBooter.runSuitesInProcess(ForkedBooter.java:115)
	at org.apache.maven.surefire.booter.ForkedBooter.main(ForkedBooter.java:75)
Caused by: java.lang.ClassNotFoundException: com.sun.xml.bind.v2.model.annotation.AnnotationReader
	at java.net.URLClassLoader.findClass(URLClassLoader.java:382)
	at java.lang.ClassLoader.loadClass(ClassLoader.java:424)
	at sun.misc.Launcher$AppClassLoader.loadClass(Launcher.java:349)
	at java.lang.ClassLoader.loadClass(ClassLoader.java:357)
	... 54 more

testLoadBoard(EagleLoaderTest)  Time elapsed: 0.003 sec  <<< ERROR!
java.lang.NoClassDefFoundError: com/sun/xml/bind/v2/model/annotation/AnnotationReader
	at java.lang.ClassLoader.defineClass1(Native Method)
	at java.lang.ClassLoader.defineClass(ClassLoader.java:763)
	at java.security.SecureClassLoader.defineClass(SecureClassLoader.java:142)
	at java.net.URLClassLoader.defineClass(URLClassLoader.java:468)
	at java.net.URLClassLoader.access$100(URLClassLoader.java:74)
	at java.net.URLClassLoader$1.run(URLClassLoader.java:369)
	at java.net.URLClassLoader$1.run(URLClassLoader.java:363)
	at java.security.AccessController.doPrivileged(Native Method)
	at java.net.URLClassLoader.findClass(URLClassLoader.java:362)
	at java.lang.ClassLoader.loadClass(ClassLoader.java:424)
	at sun.misc.Launcher$AppClassLoader.loadClass(Launcher.java:349)
	at java.lang.ClassLoader.loadClass(ClassLoader.java:357)
	at java.lang.Class.getDeclaredMethods0(Native Method)
	at java.lang.Class.privateGetDeclaredMethods(Class.java:2701)
	at java.lang.Class.privateGetMethodRecursive(Class.java:3048)
	at java.lang.Class.getMethod0(Class.java:3018)
	at java.lang.Class.getMethod(Class.java:1784)
	at javax.xml.bind.ContextFinder.newInstance(ContextFinder.java:169)
	at javax.xml.bind.ContextFinder.newInstance(ContextFinder.java:131)
	at javax.xml.bind.ContextFinder.find(ContextFinder.java:335)
	at javax.xml.bind.JAXBContext.newInstance(JAXBContext.java:431)
	at javax.xml.bind.JAXBContext.newInstance(JAXBContext.java:394)
	at javax.xml.bind.JAXBContext.newInstance(JAXBContext.java:298)
	at org.openpnp.model.eagle.EagleLoader.<init>(EagleLoader.java:48)
	at EagleLoaderTest.testLoadBoard(EagleLoaderTest.java:16)
	at sun.reflect.NativeMethodAccessorImpl.invoke0(Native Method)
	at sun.reflect.NativeMethodAccessorImpl.invoke(NativeMethodAccessorImpl.java:62)
	at sun.reflect.DelegatingMethodAccessorImpl.invoke(DelegatingMethodAccessorImpl.java:43)
	at java.lang.reflect.Method.invoke(Method.java:498)
	at org.junit.runners.model.FrameworkMethod$1.runReflectiveCall(FrameworkMethod.java:50)
	at org.junit.internal.runners.model.ReflectiveCallable.run(ReflectiveCallable.java:12)
	at org.junit.runners.model.FrameworkMethod.invokeExplosively(FrameworkMethod.java:47)
	at org.junit.internal.runners.statements.InvokeMethod.evaluate(InvokeMethod.java:17)
	at org.junit.runners.ParentRunner.runLeaf(ParentRunner.java:325)
	at org.junit.runners.BlockJUnit4ClassRunner.runChild(BlockJUnit4ClassRunner.java:78)
	at org.junit.runners.BlockJUnit4ClassRunner.runChild(BlockJUnit4ClassRunner.java:57)
	at org.junit.runners.ParentRunner$3.run(ParentRunner.java:290)
	at org.junit.runners.ParentRunner$1.schedule(ParentRunner.java:71)
	at org.junit.runners.ParentRunner.runChildren(ParentRunner.java:288)
	at org.junit.runners.ParentRunner.access$000(ParentRunner.java:58)
	at org.junit.runners.ParentRunner$2.evaluate(ParentRunner.java:268)
	at org.junit.runners.ParentRunner.run(ParentRunner.java:363)
	at org.apache.maven.surefire.junit4.JUnit4Provider.execute(JUnit4Provider.java:252)
	at org.apache.maven.surefire.junit4.JUnit4Provider.executeTestSet(JUnit4Provider.java:141)
	at org.apache.maven.surefire.junit4.JUnit4Provider.invoke(JUnit4Provider.java:112)
	at sun.reflect.NativeMethodAccessorImpl.invoke0(Native Method)
	at sun.reflect.NativeMethodAccessorImpl.invoke(NativeMethodAccessorImpl.java:62)
	at sun.reflect.DelegatingMethodAccessorImpl.invoke(DelegatingMethodAccessorImpl.java:43)
	at java.lang.reflect.Method.invoke(Method.java:498)
	at org.apache.maven.surefire.util.ReflectionUtils.invokeMethodWithArray(ReflectionUtils.java:189)
	at org.apache.maven.surefire.booter.ProviderFactory$ProviderProxy.invoke(ProviderFactory.java:165)
	at org.apache.maven.surefire.booter.ProviderFactory.invokeProvider(ProviderFactory.java:85)
	at org.apache.maven.surefire.booter.ForkedBooter.runSuitesInProcess(ForkedBooter.java:115)
	at org.apache.maven.surefire.booter.ForkedBooter.main(ForkedBooter.java:75)
Caused by: java.lang.ClassNotFoundException: com.sun.xml.bind.v2.model.annotation.AnnotationReader
	at java.net.URLClassLoader.findClass(URLClassLoader.java:382)
	at java.lang.ClassLoader.loadClass(ClassLoader.java:424)
	at sun.misc.Launcher$AppClassLoader.loadClass(Launcher.java:349)
	at java.lang.ClassLoader.loadClass(ClassLoader.java:357)
	... 54 more

Running org.openpnp.machine.reference.feeder.ReferenceStripFeeder_ESTest
14:49:53,124 dynamically loading javaagent
14:49:53,144 Using JavaAgent in /Users/jun/.m2/repository/org/evosuite/evosuite-standalone-runtime/1.2.0/evosuite-standalone-runtime-1.2.0.jar
14:49:53,167 Classpath: /Users/jun/Documents/TA/CS527/milestone_answer/workspace/milestone3/openpnp-openpnp-130246850/Patched-Version/target/test-classes:/Users/jun/Documents/TA/CS527/milestone_answer/workspace/milestone3/openpnp-openpnp-130246850/Patched-Version/target/classes:/Users/jun/.m2/repository/com/github/sarxos/webcam-capture/0.3.10/webcam-capture-0.3.10.jar:/Users/jun/.m2/repository/com/nativelibs4java/bridj/0.6.2/bridj-0.6.2.jar:/Users/jun/.m2/repository/org/ostermiller/utils/1.07.00/utils-1.07.00.jar:/Users/jun/.m2/repository/commons-codec/commons-codec/1.6/commons-codec-1.6.jar:/Users/jun/.m2/repository/junit/junit/4.12/junit-4.12.jar:/Users/jun/.m2/repository/org/hamcrest/hamcrest-core/1.3/hamcrest-core-1.3.jar:/Users/jun/.m2/repository/org/jdesktop/beansbinding/1.2.1/beansbinding-1.2.1.jar:/Users/jun/.m2/repository/log4j/log4j/1.2.16/log4j-1.2.16.jar:/Users/jun/.m2/repository/org/slf4j/slf4j-api/1.6.4/slf4j-api-1.6.4.jar:/Users/jun/.m2/repository/org/slf4j/slf4j-log4j12/1.6.4/slf4j-log4j12-1.6.4.jar:/Users/jun/.m2/repository/org/simpleframework/simple-xml/2.7.1/simple-xml-2.7.1.jar:/Users/jun/.m2/repository/stax/stax-api/1.0.1/stax-api-1.0.1.jar:/Users/jun/.m2/repository/stax/stax/1.2.0/stax-1.2.0.jar:/Users/jun/.m2/repository/xpp3/xpp3/1.1.3.3/xpp3-1.1.3.3.jar:/Users/jun/.m2/repository/commons-io/commons-io/2.1/commons-io-2.1.jar:/Users/jun/.m2/repository/org/lti-civil/lti-civil/20070920-1721/lti-civil-20070920-1721.jar:/Users/jun/.m2/repository/org/vonnieda/jvfw/0.0.2/jvfw-0.0.2.jar:/Users/jun/.m2/repository/org/scream3r/jssc/2.8.0/jssc-2.8.0.jar:/Users/jun/.m2/repository/org/swinglabs/swingx/swingx-all/1.6.4/swingx-all-1.6.4.jar:/Users/jun/.m2/repository/org/openpnp/opencv/2.4.11-2/opencv-2.4.11-2.jar:/Users/jun/.m2/repository/com/google/code/gson/gson/2.2.3/gson-2.2.3.jar:/Users/jun/.m2/repository/org/apache/xmlgraphics/batik-transcoder/1.7/batik-transcoder-1.7.jar:/Users/jun/.m2/repository/org/apache/xmlgraphics/fop/0.94/fop-0.94.jar:/Users/jun/.m2/repository/org/apache/xmlgraphics/xmlgraphics-commons/1.2/xmlgraphics-commons-1.2.jar:/Users/jun/.m2/repository/commons-logging/commons-logging/1.0.4/commons-logging-1.0.4.jar:/Users/jun/.m2/repository/org/apache/avalon/framework/avalon-framework-api/4.3.1/avalon-framework-api-4.3.1.jar:/Users/jun/.m2/repository/org/apache/avalon/framework/avalon-framework-impl/4.3.1/avalon-framework-impl-4.3.1.jar:/Users/jun/.m2/repository/org/apache/xmlgraphics/batik-awt-util/1.7/batik-awt-util-1.7.jar:/Users/jun/.m2/repository/org/apache/xmlgraphics/batik-bridge/1.7/batik-bridge-1.7.jar:/Users/jun/.m2/repository/org/apache/xmlgraphics/batik-anim/1.7/batik-anim-1.7.jar:/Users/jun/.m2/repository/org/apache/xmlgraphics/batik-css/1.7/batik-css-1.7.jar:/Users/jun/.m2/repository/org/apache/xmlgraphics/batik-ext/1.7/batik-ext-1.7.jar:/Users/jun/.m2/repository/org/apache/xmlgraphics/batik-parser/1.7/batik-parser-1.7.jar:/Users/jun/.m2/repository/org/apache/xmlgraphics/batik-script/1.7/batik-script-1.7.jar:/Users/jun/.m2/repository/org/apache/xmlgraphics/batik-js/1.7/batik-js-1.7.jar:/Users/jun/.m2/repository/xalan/xalan/2.6.0/xalan-2.6.0.jar:/Users/jun/.m2/repository/org/apache/xmlgraphics/batik-dom/1.7/batik-dom-1.7.jar:/Users/jun/.m2/repository/org/apache/xmlgraphics/batik-gvt/1.7/batik-gvt-1.7.jar:/Users/jun/.m2/repository/org/apache/xmlgraphics/batik-svg-dom/1.7/batik-svg-dom-1.7.jar:/Users/jun/.m2/repository/org/apache/xmlgraphics/batik-svggen/1.7/batik-svggen-1.7.jar:/Users/jun/.m2/repository/org/apache/xmlgraphics/batik-util/1.7/batik-util-1.7.jar:/Users/jun/.m2/repository/org/apache/xmlgraphics/batik-xml/1.7/batik-xml-1.7.jar:/Users/jun/.m2/repository/xml-apis/xml-apis/1.3.04/xml-apis-1.3.04.jar:/Users/jun/.m2/repository/xml-apis/xml-apis-ext/1.3.04/xml-apis-ext-1.3.04.jar:/Users/jun/.m2/repository/com/google/zxing/javase/2.2/javase-2.2.jar:/Users/jun/.m2/repository/com/google/zxing/core/2.2/core-2.2.jar:/Users/jun/.m2/repository/com/google/guava/guava/14.0.1/guava-14.0.1.jar:/Users/jun/.m2/repository/com/jgoodies/jgoodies-forms/1.8.0/jgoodies-forms-1.8.0.jar:/Users/jun/.m2/repository/com/jgoodies/jgoodies-common/1.8.0/jgoodies-common-1.8.0.jar:/Users/jun/.m2/repository/org/jcodec/jcodec-javase/0.1.9/jcodec-javase-0.1.9.jar:/Users/jun/.m2/repository/org/jcodec/jcodec/0.1.9/jcodec-0.1.9.jar:/Users/jun/.m2/repository/org/tros/l2fprod-properties-editor/1.0.3/l2fprod-properties-editor-1.0.3.jar:/Users/jun/.m2/repository/org/tros/l2fprod-common-annotations/1.0.3/l2fprod-common-annotations-1.0.3.jar:/Users/jun/.m2/repository/org/evosuite/evosuite-standalone-runtime/1.2.0/evosuite-standalone-runtime-1.2.0.jar:
14:49:53,168 Going to attach agent to process 99932
14:49:53,489 Executing agentmain of JavaAgent
Warning: the font "Times" is not available, so "Lucida Bright" has been substituted, but may have unexpected appearance or behavor. Re-enable the "Times" font to remove this warning.
14:49:55,156 Adding mock interface to class org/openpnp/model/BoardPad
14:49:55,360 Creating brand-new static initializer in class org/openpnp/model/BoardPad
14:49:55,374 Adding mock interface to class org/openpnp/machine/reference/feeder/ReferenceStripFeeder$TapeType
14:49:55,379 Found static initializer in class org/openpnp/machine/reference/feeder/ReferenceStripFeeder$TapeType
14:49:55,388 Adding mock interface to class org/openpnp/machine/reference/feeder/ReferenceStripFeeder
14:49:55,436 Found static initializer in class org/openpnp/machine/reference/feeder/ReferenceStripFeeder
14:49:55,448 Class org.openpnp.model.Placement$Type was not instrumented by EvoSuite. This could happen if you are running JUnit tests in a way that is not handled by EvoSuite, in which some classes are loaded be reflection before the tests are run. Consult the EvoSuite documentation for possible workarounds for this issue.
14:49:55,448 Class org.openpnp.model.Placement was not instrumented by EvoSuite. This could happen if you are running JUnit tests in a way that is not handled by EvoSuite, in which some classes are loaded be reflection before the tests are run. Consult the EvoSuite documentation for possible workarounds for this issue.
14:49:55,448 Class org.openpnp.model.BoardLocation was not instrumented by EvoSuite. This could happen if you are running JUnit tests in a way that is not handled by EvoSuite, in which some classes are loaded be reflection before the tests are run. Consult the EvoSuite documentation for possible workarounds for this issue.
14:49:55,448 Class org.openpnp.model.Location was not instrumented by EvoSuite. This could happen if you are running JUnit tests in a way that is not handled by EvoSuite, in which some classes are loaded be reflection before the tests are run. Consult the EvoSuite documentation for possible workarounds for this issue.
14:49:55,448 Class org.openpnp.model.Configuration was not instrumented by EvoSuite. This could happen if you are running JUnit tests in a way that is not handled by EvoSuite, in which some classes are loaded be reflection before the tests are run. Consult the EvoSuite documentation for possible workarounds for this issue.
14:49:55,448 Class org.openpnp.model.Part was not instrumented by EvoSuite. This could happen if you are running JUnit tests in a way that is not handled by EvoSuite, in which some classes are loaded be reflection before the tests are run. Consult the EvoSuite documentation for possible workarounds for this issue.
14:49:55,448 Class org.openpnp.model.AbstractModelObject was not instrumented by EvoSuite. This could happen if you are running JUnit tests in a way that is not handled by EvoSuite, in which some classes are loaded be reflection before the tests are run. Consult the EvoSuite documentation for possible workarounds for this issue.
14:49:55,449 Class org.openpnp.model.Board$Side was not instrumented by EvoSuite. This could happen if you are running JUnit tests in a way that is not handled by EvoSuite, in which some classes are loaded be reflection before the tests are run. Consult the EvoSuite documentation for possible workarounds for this issue.
14:49:55,449 Class org.openpnp.spi.base.AbstractFeeder was not instrumented by EvoSuite. This could happen if you are running JUnit tests in a way that is not handled by EvoSuite, in which some classes are loaded be reflection before the tests are run. Consult the EvoSuite documentation for possible workarounds for this issue.
14:49:55,449 Class org.openpnp.machine.reference.ReferenceFeeder was not instrumented by EvoSuite. This could happen if you are running JUnit tests in a way that is not handled by EvoSuite, in which some classes are loaded be reflection before the tests are run. Consult the EvoSuite documentation for possible workarounds for this issue.
14:49:55,449 Class org.openpnp.util.ResourceUtils$PathResolutionException was not instrumented by EvoSuite. This could happen if you are running JUnit tests in a way that is not handled by EvoSuite, in which some classes are loaded be reflection before the tests are run. Consult the EvoSuite documentation for possible workarounds for this issue.
14:49:55,449 Class org.openpnp.model.LengthUnit was not instrumented by EvoSuite. This could happen if you are running JUnit tests in a way that is not handled by EvoSuite, in which some classes are loaded be reflection before the tests are run. Consult the EvoSuite documentation for possible workarounds for this issue.
14:49:55,449 Class org.openpnp.model.Board was not instrumented by EvoSuite. This could happen if you are running JUnit tests in a way that is not handled by EvoSuite, in which some classes are loaded be reflection before the tests are run. Consult the EvoSuite documentation for possible workarounds for this issue.
14:49:55,449 Class org.openpnp.model.Length was not instrumented by EvoSuite. This could happen if you are running JUnit tests in a way that is not handled by EvoSuite, in which some classes are loaded be reflection before the tests are run. Consult the EvoSuite documentation for possible workarounds for this issue.
14:49:55,449 Class org.openpnp.model.Outline was not instrumented by EvoSuite. This could happen if you are running JUnit tests in a way that is not handled by EvoSuite, in which some classes are loaded be reflection before the tests are run. Consult the EvoSuite documentation for possible workarounds for this issue.
14:49:55,449 Class org.openpnp.model.Point was not instrumented by EvoSuite. This could happen if you are running JUnit tests in a way that is not handled by EvoSuite, in which some classes are loaded be reflection before the tests are run. Consult the EvoSuite documentation for possible workarounds for this issue.
Tests run: 3, Failures: 1, Errors: 0, Skipped: 0, Time elapsed: 2.475 sec <<< FAILURE!
test2(org.openpnp.machine.reference.feeder.ReferenceStripFeeder_ESTest)  Time elapsed: 0.09 sec  <<< FAILURE!
java.lang.AssertionError: Exception was not thrown in org.openpnp.model.Configuration but in org.junit.Assert.fail(Assert.java:88): java.lang.AssertionError: Expecting exception: Error
	at org.evosuite.runtime.EvoAssertions.assertThrownBy(EvoAssertions.java:111)
	at org.evosuite.runtime.EvoAssertions.verifyException(EvoAssertions.java:48)
	at org.openpnp.machine.reference.feeder.ReferenceStripFeeder_ESTest.test2(ReferenceStripFeeder_ESTest.java:60)
	at sun.reflect.NativeMethodAccessorImpl.invoke0(Native Method)
	at sun.reflect.NativeMethodAccessorImpl.invoke(NativeMethodAccessorImpl.java:62)
	at sun.reflect.DelegatingMethodAccessorImpl.invoke(DelegatingMethodAccessorImpl.java:43)
	at java.lang.reflect.Method.invoke(Method.java:498)
	at org.junit.runners.model.FrameworkMethod$1.runReflectiveCall(FrameworkMethod.java:50)
	at org.junit.internal.runners.model.ReflectiveCallable.run(ReflectiveCallable.java:12)
	at org.junit.runners.model.FrameworkMethod.invokeExplosively(FrameworkMethod.java:47)
	at org.junit.internal.runners.statements.InvokeMethod.evaluate(InvokeMethod.java:17)
	at org.junit.internal.runners.statements.FailOnTimeout$CallableStatement.call(FailOnTimeout.java:298)
	at org.junit.internal.runners.statements.FailOnTimeout$CallableStatement.call(FailOnTimeout.java:292)
	at java.util.concurrent.FutureTask.run(FutureTask.java:266)
	at java.lang.Thread.run(Thread.java:748)

Running OpenCvTest
Tests run: 1, Failures: 0, Errors: 0, Skipped: 0, Time elapsed: 0.03 sec
Running RegressionTest
Tests run: 66, Failures: 0, Errors: 0, Skipped: 0, Time elapsed: 0.06 sec
Running VisionUtilsTest
Tests run: 1, Failures: 0, Errors: 0, Skipped: 0, Time elapsed: 0.004 sec
Running SampleJobTest
Configuration directory: /var/folders/9b/flm_0ch13sbfkx6hysxjlch80000gn/T/1717570195734-0/.openpnp
14:49:55,736 No packages.xml found in configuration directory, loading defaults.
14:49:55,832 No parts.xml found in configuration directory, loading defaults.
14:49:55,844 No machine.xml found in configuration directory, loading defaults.
14:49:56,596 Defaults were loaded. Saving to configuration directory.
14:50:13,129 Start R1
14:50:13,553 Finish R1
14:50:13,554 Start R8
14:50:13,873 Finish R8
14:50:13,873 Start R6
14:50:14,189 Finish R6
14:50:14,189 Start R10
14:50:14,492 Finish R10
14:50:14,492 Start R1
14:50:14,755 Finish R1
14:50:14,756 Start R8
14:50:15,028 Finish R8
14:50:15,028 Start R6
14:50:15,296 Finish R6
14:50:15,296 Start R10
14:50:15,569 Finish R10
14:50:15,570 Start R13
14:50:15,831 Finish R13
14:50:15,831 Start R14
14:50:16,096 Finish R14
14:50:16,096 Start R18
14:50:16,371 Finish R18
14:50:16,371 Start R20
14:50:16,642 Finish R20
14:50:16,642 Start R13
14:50:16,902 Finish R13
14:50:16,903 Start R14
14:50:17,167 Finish R14
14:50:17,167 Start R18
14:50:17,433 Finish R18
14:50:17,433 Start R20
14:50:17,702 Finish R20
14:50:17,702 Start R13
14:50:17,967 Finish R13
14:50:17,967 Start R14
14:50:18,247 Finish R14
14:50:18,247 Start R18
14:50:18,513 Finish R18
14:50:18,514 Start R20
14:50:18,777 Finish R20
14:50:18,780 Start R1
14:50:19,044 Finish R1
14:50:19,045 Start R8
14:50:19,313 Finish R8
14:50:19,313 Start R6
14:50:19,577 Finish R6
14:50:19,577 Start R10
14:50:19,848 Finish R10
14:50:19,848 Start R13
14:50:20,109 Finish R13
14:50:20,110 Start R14
14:50:20,379 Finish R14
14:50:20,379 Start R18
14:50:20,645 Finish R18
14:50:20,647 Start R20
14:50:20,914 Finish R20
14:50:20,914 Start R1
14:50:21,178 Finish R1
14:50:21,179 Start R8
14:50:21,468 Finish R8
14:50:21,469 Start R6
14:50:21,740 Finish R6
14:50:21,741 Start R10
14:50:22,001 Finish R10
Tests run: 1, Failures: 0, Errors: 0, Skipped: 0, Time elapsed: 26.269 sec

Results :

Failed tests:   test2(org.openpnp.machine.reference.feeder.ReferenceStripFeeder_ESTest): Exception was not thrown in org.openpnp.model.Configuration but in org.junit.Assert.fail(Assert.java:88): java.lang.AssertionError: Expecting exception: Error

Tests in error: 
  testLoadSchematic(EagleLoaderTest): com/sun/xml/bind/v2/model/annotation/AnnotationReader
  testLoadBoard(EagleLoaderTest): com/sun/xml/bind/v2/model/annotation/AnnotationReader

Tests run: 77, Failures: 1, Errors: 2, Skipped: 0

[INFO] ------------------------------------------------------------------------
[INFO] BUILD FAILURE
[INFO] ------------------------------------------------------------------------
[INFO] Total time:  57.274 s
[INFO] Finished at: 2024-06-05T14:50:22+08:00
[INFO] ------------------------------------------------------------------------
[ERROR] Failed to execute goal org.apache.maven.plugins:maven-surefire-plugin:2.12.4:test (default-test) on project openpnp-gui: There are test failures.
[ERROR] 
[ERROR] Please refer to /Users/jun/Documents/TA/CS527/milestone_answer/workspace/milestone3/openpnp-openpnp-130246850/Patched-Version/target/surefire-reports for the individual test results.
[ERROR] -> [Help 1]
[ERROR] 
[ERROR] To see the full stack trace of the errors, re-run Maven with the -e switch.
[ERROR] Re-run Maven using the -X switch to enable full debug logging.
[ERROR] 
[ERROR] For more information about the errors and possible solutions, please read the following articles:
[ERROR] [Help 1] http://cwiki.apache.org/confluence/display/MAVEN/MojoFailureException
[INFO] Build failures were ignored.
