[INFO] Scanning for projects...
[INFO] 
[INFO] ---------------------< AutomatedCar:AutomatedCar >----------------------
[INFO] Building AutomatedCar 1.0
[INFO]   from pom_for_clover.xml
[INFO] --------------------------------[ jar ]---------------------------------
[INFO] 
[INFO] --- maven-clean-plugin:2.5:clean (default-clean) @ AutomatedCar ---
[INFO] Deleting /Users/jun/Documents/TA/CS527/milestone_answer/workspace/milestone3/Bears-189/Buggy-Version/target
[INFO] 
[INFO] --- jacoco-maven-plugin:0.7.8:prepare-agent (prepare-agent) @ AutomatedCar ---
[INFO] argLine set to -javaagent:/Users/jun/.m2/repository/org/jacoco/org.jacoco.agent/0.7.8/org.jacoco.agent-0.7.8-runtime.jar=destfile=/Users/jun/Documents/TA/CS527/milestone_answer/workspace/milestone3/Bears-189/Buggy-Version/target/jacoco.exec
[INFO] 
[INFO] --- maven-resources-plugin:2.6:resources (default-resources) @ AutomatedCar ---
[INFO] Using 'UTF-8' encoding to copy filtered resources.
[INFO] Copying 44 resources
[INFO] 
[INFO] --- maven-compiler-plugin:3.1:compile (default-compile) @ AutomatedCar ---
[INFO] Changes detected - recompiling the module!
[INFO] Compiling 57 source files to /Users/jun/Documents/TA/CS527/milestone_answer/workspace/milestone3/Bears-189/Buggy-Version/target/classes
[INFO] 
[INFO] --- maven-resources-plugin:2.6:testResources (default-testResources) @ AutomatedCar ---
[INFO] Using 'UTF-8' encoding to copy filtered resources.
[INFO] skip non existing resourceDirectory /Users/jun/Documents/TA/CS527/milestone_answer/workspace/milestone3/Bears-189/Buggy-Version/src/test/resources
[INFO] 
[INFO] --- maven-compiler-plugin:3.1:testCompile (default-testCompile) @ AutomatedCar ---
[INFO] Changes detected - recompiling the module!
[INFO] Compiling 24 source files to /Users/jun/Documents/TA/CS527/milestone_answer/workspace/milestone3/Bears-189/Buggy-Version/target/test-classes
[INFO] 
[INFO] --- maven-surefire-plugin:2.12.4:test (default-test) @ AutomatedCar ---
[INFO] Surefire report directory: /Users/jun/Documents/TA/CS527/milestone_answer/workspace/milestone3/Bears-189/Buggy-Version/target/surefire-reports

-------------------------------------------------------
 T E S T S
-------------------------------------------------------
Running RegressionTest
ERROR StatusLogger No log4j2 configuration file found. Using default configuration: logging only errors to the console.
Tests run: 2, Failures: 0, Errors: 0, Skipped: 0, Time elapsed: 1.242 sec
Running hu.oe.nik.szfmv.visualization.DashboardTest
Warning: the font "Times" is not available, so "Lucida Bright" has been substituted, but may have unexpected appearance or behavor. Re-enable the "Times" font to remove this warning.
Tests run: 1, Failures: 0, Errors: 0, Skipped: 0, Time elapsed: 1.803 sec
Running hu.oe.nik.szfmv.automatedcar.sensors.UltrasonicSensorTest
Tests run: 4, Failures: 0, Errors: 3, Skipped: 0, Time elapsed: 0.458 sec <<< FAILURE!
testNearestObjectDimensions(hu.oe.nik.szfmv.automatedcar.sensors.UltrasonicSensorTest)  Time elapsed: 0.027 sec  <<< ERROR!
java.lang.NullPointerException
	at hu.oe.nik.szfmv.detector.classes.Detector.getTheObjectsWhichAreInTheTriangle(Detector.java:52)
	at hu.oe.nik.szfmv.detector.classes.Detector.getCollidableObjects(Detector.java:88)
	at hu.oe.nik.szfmv.automatedcar.sensors.UltrasonicSensor.getNearestObject(UltrasonicSensor.java:86)
	at hu.oe.nik.szfmv.automatedcar.sensors.UltrasonicSensor.getNearestObjectDimensions(UltrasonicSensor.java:120)
	at hu.oe.nik.szfmv.automatedcar.sensors.UltrasonicSensorTest.testNearestObjectDimensions(UltrasonicSensorTest.java:64)
	at sun.reflect.NativeMethodAccessorImpl.invoke0(Native Method)
	at sun.reflect.NativeMethodAccessorImpl.invoke(NativeMethodAccessorImpl.java:62)
	at sun.reflect.DelegatingMethodAccessorImpl.invoke(DelegatingMethodAccessorImpl.java:43)
	at java.lang.reflect.Method.invoke(Method.java:498)
	at org.junit.runners.model.FrameworkMethod$1.runReflectiveCall(FrameworkMethod.java:50)
	at org.junit.internal.runners.model.ReflectiveCallable.run(ReflectiveCallable.java:12)
	at org.junit.runners.model.FrameworkMethod.invokeExplosively(FrameworkMethod.java:47)
	at org.junit.internal.runners.statements.InvokeMethod.evaluate(InvokeMethod.java:17)
	at org.junit.internal.runners.statements.RunBefores.evaluate(RunBefores.java:26)
	at org.junit.runners.ParentRunner.runLeaf(ParentRunner.java:325)
	at org.junit.runners.BlockJUnit4ClassRunner.runChild(BlockJUnit4ClassRunner.java:78)
	at org.junit.runners.BlockJUnit4ClassRunner.runChild(BlockJUnit4ClassRunner.java:57)
	at org.junit.runners.ParentRunner$3.run(ParentRunner.java:290)
	at org.junit.runners.ParentRunner$1.schedule(ParentRunner.java:71)
	at org.junit.runners.ParentRunner.runChildren(ParentRunner.java:288)
	at org.junit.runners.ParentRunner.access$000(ParentRunner.java:58)
	at org.junit.runners.ParentRunner$2.evaluate(ParentRunner.java:268)
	at org.junit.runners.ParentRunner.run(ParentRunner.java:363)
	at org.apache.maven.surefire.junit4.JUnit4Provider.execute(JUnit4Provider.java:252)
	at org.apache.maven.surefire.junit4.JUnit4Provider.executeTestSet(JUnit4Provider.java:141)
	at org.apache.maven.surefire.junit4.JUnit4Provider.invoke(JUnit4Provider.java:112)
	at sun.reflect.NativeMethodAccessorImpl.invoke0(Native Method)
	at sun.reflect.NativeMethodAccessorImpl.invoke(NativeMethodAccessorImpl.java:62)
	at sun.reflect.DelegatingMethodAccessorImpl.invoke(DelegatingMethodAccessorImpl.java:43)
	at java.lang.reflect.Method.invoke(Method.java:498)
	at org.apache.maven.surefire.util.ReflectionUtils.invokeMethodWithArray(ReflectionUtils.java:189)
	at org.apache.maven.surefire.booter.ProviderFactory$ProviderProxy.invoke(ProviderFactory.java:165)
	at org.apache.maven.surefire.booter.ProviderFactory.invokeProvider(ProviderFactory.java:85)
	at org.apache.maven.surefire.booter.ForkedBooter.runSuitesInProcess(ForkedBooter.java:115)
	at org.apache.maven.surefire.booter.ForkedBooter.main(ForkedBooter.java:75)

testNearestObjectDistance(hu.oe.nik.szfmv.automatedcar.sensors.UltrasonicSensorTest)  Time elapsed: 0 sec  <<< ERROR!
java.lang.NullPointerException
	at hu.oe.nik.szfmv.detector.classes.Detector.getTheObjectsWhichAreInTheTriangle(Detector.java:52)
	at hu.oe.nik.szfmv.detector.classes.Detector.getCollidableObjects(Detector.java:88)
	at hu.oe.nik.szfmv.automatedcar.sensors.UltrasonicSensor.getNearestObject(UltrasonicSensor.java:86)
	at hu.oe.nik.szfmv.automatedcar.sensors.UltrasonicSensor.getNearestObjectDistance(UltrasonicSensor.java:106)
	at hu.oe.nik.szfmv.automatedcar.sensors.UltrasonicSensorTest.testNearestObjectDistance(UltrasonicSensorTest.java:55)
	at sun.reflect.NativeMethodAccessorImpl.invoke0(Native Method)
	at sun.reflect.NativeMethodAccessorImpl.invoke(NativeMethodAccessorImpl.java:62)
	at sun.reflect.DelegatingMethodAccessorImpl.invoke(DelegatingMethodAccessorImpl.java:43)
	at java.lang.reflect.Method.invoke(Method.java:498)
	at org.junit.runners.model.FrameworkMethod$1.runReflectiveCall(FrameworkMethod.java:50)
	at org.junit.internal.runners.model.ReflectiveCallable.run(ReflectiveCallable.java:12)
	at org.junit.runners.model.FrameworkMethod.invokeExplosively(FrameworkMethod.java:47)
	at org.junit.internal.runners.statements.InvokeMethod.evaluate(InvokeMethod.java:17)
	at org.junit.internal.runners.statements.RunBefores.evaluate(RunBefores.java:26)
	at org.junit.runners.ParentRunner.runLeaf(ParentRunner.java:325)
	at org.junit.runners.BlockJUnit4ClassRunner.runChild(BlockJUnit4ClassRunner.java:78)
	at org.junit.runners.BlockJUnit4ClassRunner.runChild(BlockJUnit4ClassRunner.java:57)
	at org.junit.runners.ParentRunner$3.run(ParentRunner.java:290)
	at org.junit.runners.ParentRunner$1.schedule(ParentRunner.java:71)
	at org.junit.runners.ParentRunner.runChildren(ParentRunner.java:288)
	at org.junit.runners.ParentRunner.access$000(ParentRunner.java:58)
	at org.junit.runners.ParentRunner$2.evaluate(ParentRunner.java:268)
	at org.junit.runners.ParentRunner.run(ParentRunner.java:363)
	at org.apache.maven.surefire.junit4.JUnit4Provider.execute(JUnit4Provider.java:252)
	at org.apache.maven.surefire.junit4.JUnit4Provider.executeTestSet(JUnit4Provider.java:141)
	at org.apache.maven.surefire.junit4.JUnit4Provider.invoke(JUnit4Provider.java:112)
	at sun.reflect.NativeMethodAccessorImpl.invoke0(Native Method)
	at sun.reflect.NativeMethodAccessorImpl.invoke(NativeMethodAccessorImpl.java:62)
	at sun.reflect.DelegatingMethodAccessorImpl.invoke(DelegatingMethodAccessorImpl.java:43)
	at java.lang.reflect.Method.invoke(Method.java:498)
	at org.apache.maven.surefire.util.ReflectionUtils.invokeMethodWithArray(ReflectionUtils.java:189)
	at org.apache.maven.surefire.booter.ProviderFactory$ProviderProxy.invoke(ProviderFactory.java:165)
	at org.apache.maven.surefire.booter.ProviderFactory.invokeProvider(ProviderFactory.java:85)
	at org.apache.maven.surefire.booter.ForkedBooter.runSuitesInProcess(ForkedBooter.java:115)
	at org.apache.maven.surefire.booter.ForkedBooter.main(ForkedBooter.java:75)

testNearestObject(hu.oe.nik.szfmv.automatedcar.sensors.UltrasonicSensorTest)  Time elapsed: 0 sec  <<< ERROR!
java.lang.NullPointerException
	at hu.oe.nik.szfmv.detector.classes.Detector.getTheObjectsWhichAreInTheTriangle(Detector.java:52)
	at hu.oe.nik.szfmv.detector.classes.Detector.getCollidableObjects(Detector.java:88)
	at hu.oe.nik.szfmv.automatedcar.sensors.UltrasonicSensor.getNearestObject(UltrasonicSensor.java:86)
	at hu.oe.nik.szfmv.automatedcar.sensors.UltrasonicSensorTest.testNearestObject(UltrasonicSensorTest.java:45)
	at sun.reflect.NativeMethodAccessorImpl.invoke0(Native Method)
	at sun.reflect.NativeMethodAccessorImpl.invoke(NativeMethodAccessorImpl.java:62)
	at sun.reflect.DelegatingMethodAccessorImpl.invoke(DelegatingMethodAccessorImpl.java:43)
	at java.lang.reflect.Method.invoke(Method.java:498)
	at org.junit.runners.model.FrameworkMethod$1.runReflectiveCall(FrameworkMethod.java:50)
	at org.junit.internal.runners.model.ReflectiveCallable.run(ReflectiveCallable.java:12)
	at org.junit.runners.model.FrameworkMethod.invokeExplosively(FrameworkMethod.java:47)
	at org.junit.internal.runners.statements.InvokeMethod.evaluate(InvokeMethod.java:17)
	at org.junit.internal.runners.statements.RunBefores.evaluate(RunBefores.java:26)
	at org.junit.runners.ParentRunner.runLeaf(ParentRunner.java:325)
	at org.junit.runners.BlockJUnit4ClassRunner.runChild(BlockJUnit4ClassRunner.java:78)
	at org.junit.runners.BlockJUnit4ClassRunner.runChild(BlockJUnit4ClassRunner.java:57)
	at org.junit.runners.ParentRunner$3.run(ParentRunner.java:290)
	at org.junit.runners.ParentRunner$1.schedule(ParentRunner.java:71)
	at org.junit.runners.ParentRunner.runChildren(ParentRunner.java:288)
	at org.junit.runners.ParentRunner.access$000(ParentRunner.java:58)
	at org.junit.runners.ParentRunner$2.evaluate(ParentRunner.java:268)
	at org.junit.runners.ParentRunner.run(ParentRunner.java:363)
	at org.apache.maven.surefire.junit4.JUnit4Provider.execute(JUnit4Provider.java:252)
	at org.apache.maven.surefire.junit4.JUnit4Provider.executeTestSet(JUnit4Provider.java:141)
	at org.apache.maven.surefire.junit4.JUnit4Provider.invoke(JUnit4Provider.java:112)
	at sun.reflect.NativeMethodAccessorImpl.invoke0(Native Method)
	at sun.reflect.NativeMethodAccessorImpl.invoke(NativeMethodAccessorImpl.java:62)
	at sun.reflect.DelegatingMethodAccessorImpl.invoke(DelegatingMethodAccessorImpl.java:43)
	at java.lang.reflect.Method.invoke(Method.java:498)
	at org.apache.maven.surefire.util.ReflectionUtils.invokeMethodWithArray(ReflectionUtils.java:189)
	at org.apache.maven.surefire.booter.ProviderFactory$ProviderProxy.invoke(ProviderFactory.java:165)
	at org.apache.maven.surefire.booter.ProviderFactory.invokeProvider(ProviderFactory.java:85)
	at org.apache.maven.surefire.booter.ForkedBooter.runSuitesInProcess(ForkedBooter.java:115)
	at org.apache.maven.surefire.booter.ForkedBooter.main(ForkedBooter.java:75)

Running hu.oe.nik.szfmv.automatedcar.bus.VirtualFunctionBusTest
Tests run: 2, Failures: 0, Errors: 0, Skipped: 0, Time elapsed: 0 sec
Running hu.oe.nik.szfmv.automatedcar.steering.WheelDisplacementTest
Tests run: 3, Failures: 0, Errors: 0, Skipped: 0, Time elapsed: 0.029 sec
Running hu.oe.nik.szfmv.automatedcar.steering.CarHeadingTest
Tests run: 6, Failures: 0, Errors: 0, Skipped: 0, Time elapsed: 0.003 sec
Running hu.oe.nik.szfmv.automatedcar.steering.WheelPositionTest
Tests run: 6, Failures: 0, Errors: 0, Skipped: 0, Time elapsed: 0.004 sec
Running hu.oe.nik.szfmv.automatedcar.steering.CarPositionTest
Tests run: 4, Failures: 0, Errors: 0, Skipped: 0, Time elapsed: 0.006 sec
Running hu.oe.nik.szfmv.automatedcar.steering.SteerAngleTest
Tests run: 5, Failures: 0, Errors: 0, Skipped: 0, Time elapsed: 0 sec
Running hu.oe.nik.szfmv.automatedcar.systemcomponents.PowertrainSystemTest
Tests run: 16, Failures: 0, Errors: 0, Skipped: 0, Time elapsed: 0.122 sec
Running hu.oe.nik.szfmv.Main_ESTest
SLF4J: Failed to load class "org.slf4j.impl.StaticLoggerBinder".
SLF4J: Defaulting to no-operation (NOP) logger implementation
SLF4J: See http://www.slf4j.org/codes.html#StaticLoggerBinder for further details.
Tests run: 2, Failures: 0, Errors: 0, Skipped: 0, Time elapsed: 4.526 sec
Running hu.oe.nik.szfmv.common.ConfigProviderTest
Tests run: 1, Failures: 0, Errors: 0, Skipped: 0, Time elapsed: 0.011 sec
Running hu.oe.nik.szfmv.common.UtilsTest
Tests run: 6, Failures: 0, Errors: 0, Skipped: 0, Time elapsed: 0.007 sec
Running hu.oe.nik.szfmv.detector.DetectorTest
Tests run: 2, Failures: 0, Errors: 0, Skipped: 0, Time elapsed: 0.263 sec
Running hu.oe.nik.szfmv.detector.TriangleTest
Tests run: 10, Failures: 0, Errors: 0, Skipped: 0, Time elapsed: 0.011 sec
Running hu.oe.nik.szfmv.environment.WorldTest
[Fatal Error] :1:1: Content is not allowed in prolog.
Tests run: 8, Failures: 0, Errors: 0, Skipped: 0, Time elapsed: 0.988 sec
Running hu.oe.nik.szfmv.environment.models.PedestrianTest
Tests run: 4, Failures: 0, Errors: 0, Skipped: 0, Time elapsed: 0.015 sec
Running hu.oe.nik.szfmv.environment.models.RoadSignTest
Tests run: 3, Failures: 0, Errors: 0, Skipped: 0, Time elapsed: 0.001 sec
Running hu.oe.nik.szfmv.environment.models.RoadTest
Tests run: 2, Failures: 0, Errors: 0, Skipped: 0, Time elapsed: 0.001 sec
Running hu.oe.nik.szfmv.environment.models.TreeTest
Tests run: 3, Failures: 0, Errors: 0, Skipped: 0, Time elapsed: 0 sec
Running hu.oe.nik.szfmv.environment.models.CrosswalkTest
Tests run: 2, Failures: 0, Errors: 0, Skipped: 0, Time elapsed: 0 sec
Running hu.oe.nik.szfmv.environment.models.ParkingSpotTest
Tests run: 2, Failures: 0, Errors: 0, Skipped: 0, Time elapsed: 0 sec

Results :

Tests in error: 
  testNearestObjectDimensions(hu.oe.nik.szfmv.automatedcar.sensors.UltrasonicSensorTest)
  testNearestObjectDistance(hu.oe.nik.szfmv.automatedcar.sensors.UltrasonicSensorTest)
  testNearestObject(hu.oe.nik.szfmv.automatedcar.sensors.UltrasonicSensorTest)

Tests run: 94, Failures: 0, Errors: 3, Skipped: 0

[INFO] ------------------------------------------------------------------------
[INFO] BUILD FAILURE
[INFO] ------------------------------------------------------------------------
[INFO] Total time:  21.539 s
[INFO] Finished at: 2024-06-03T16:40:47+08:00
[INFO] ------------------------------------------------------------------------
[ERROR] Failed to execute goal org.apache.maven.plugins:maven-surefire-plugin:2.12.4:test (default-test) on project AutomatedCar: There are test failures.
[ERROR] 
[ERROR] Please refer to /Users/jun/Documents/TA/CS527/milestone_answer/workspace/milestone3/Bears-189/Buggy-Version/target/surefire-reports for the individual test results.
[ERROR] -> [Help 1]
[ERROR] 
[ERROR] To see the full stack trace of the errors, re-run Maven with the -e switch.
[ERROR] Re-run Maven using the -X switch to enable full debug logging.
[ERROR] 
[ERROR] For more information about the errors and possible solutions, please read the following articles:
[ERROR] [Help 1] http://cwiki.apache.org/confluence/display/MAVEN/MojoFailureException
[INFO] Build failures were ignored.
