[INFO] Scanning for projects...
[INFO] 
[INFO] ------------------< org.apache.commons:commons-math3 >------------------
[INFO] Building Commons Math 3.2-SNAPSHOT
[INFO]   from pom_for_clover.xml
[INFO] --------------------------------[ jar ]---------------------------------
[INFO] 
[INFO] --- maven-clean-plugin:2.5:clean (default-clean) @ commons-math3 ---
[INFO] Deleting /Users/jun/Documents/TA/CS527/milestone_answer/workspace/milestone3/Math_5/Buggy-Version/target
[INFO] 
[INFO] --- maven-antrun-plugin:1.7:run (javadoc.resources) @ commons-math3 ---
[INFO] Executing tasks

main:
     [copy] Copying 2 files to /Users/jun/Documents/TA/CS527/milestone_answer/workspace/milestone3/Math_5/Buggy-Version/target/apidocs/META-INF
[INFO] Executed tasks
[INFO] 
[INFO] --- maven-remote-resources-plugin:1.4:process (default) @ commons-math3 ---
[INFO] 
[INFO] --- buildnumber-maven-plugin:1.2:create (default) @ commons-math3 ---
[INFO] Checking for local modifications: skipped.
[INFO] Updating project files from SCM: skipped.
[INFO] Executing: /bin/sh -c cd /Users/jun/Documents/TA/CS527/milestone_answer/workspace/milestone3/Math_5/Buggy-Version && svn --non-interactive info
[INFO] Working directory: /Users/jun/Documents/TA/CS527/milestone_answer/workspace/milestone3/Math_5/Buggy-Version
[INFO] Storing buildNumber: ?????? at timestamp: 1717519851491
[INFO] Executing: /bin/sh -c cd /Users/jun/Documents/TA/CS527/milestone_answer/workspace/milestone3/Math_5/Buggy-Version && svn --non-interactive info
[INFO] Working directory: /Users/jun/Documents/TA/CS527/milestone_answer/workspace/milestone3/Math_5/Buggy-Version
[INFO] Storing buildScmBranch: UNKNOWN_BRANCH
[INFO] 
[INFO] --- maven-resources-plugin:2.6:resources (default-resources) @ commons-math3 ---
[INFO] Using 'UTF-8' encoding to copy filtered resources.
[INFO] Copying 1 resource
[INFO] Copying 2 resources to META-INF
[INFO] 
[INFO] --- maven-compiler-plugin:3.0:compile (default-compile) @ commons-math3 ---
[INFO] Changes detected - recompiling the module!
[INFO] Compiling 771 source files to /Users/jun/Documents/TA/CS527/milestone_answer/workspace/milestone3/Math_5/Buggy-Version/target/classes
[WARNING] /Users/jun/Documents/TA/CS527/milestone_answer/workspace/milestone3/Math_5/Buggy-Version/src/main/java/org/apache/commons/math3/distribution/AbstractRealDistribution.java: Some input files use or override a deprecated API.
[WARNING] /Users/jun/Documents/TA/CS527/milestone_answer/workspace/milestone3/Math_5/Buggy-Version/src/main/java/org/apache/commons/math3/distribution/AbstractRealDistribution.java: Recompile with -Xlint:deprecation for details.
[INFO] 
[INFO] --- maven-bundle-plugin:2.3.7:manifest (bundle-manifest) @ commons-math3 ---
[INFO] 
[INFO] --- maven-resources-plugin:2.6:testResources (default-testResources) @ commons-math3 ---
[INFO] Using 'UTF-8' encoding to copy filtered resources.
[INFO] Copying 28 resources
[INFO] Copying 2 resources to META-INF
[INFO] 
[INFO] --- maven-compiler-plugin:3.0:testCompile (default-testCompile) @ commons-math3 ---
[INFO] Changes detected - recompiling the module!
[INFO] Compiling 465 source files to /Users/jun/Documents/TA/CS527/milestone_answer/workspace/milestone3/Math_5/Buggy-Version/target/test-classes
[WARNING] /Users/jun/Documents/TA/CS527/milestone_answer/workspace/milestone3/Math_5/Buggy-Version/src/test/java/org/apache/commons/math3/optim/nonlinear/scalar/gradient/NonLinearConjugateGradientOptimizerTest.java: Some input files use or override a deprecated API.
[WARNING] /Users/jun/Documents/TA/CS527/milestone_answer/workspace/milestone3/Math_5/Buggy-Version/src/test/java/org/apache/commons/math3/optim/nonlinear/scalar/gradient/NonLinearConjugateGradientOptimizerTest.java: Recompile with -Xlint:deprecation for details.
[INFO] 
[INFO] --- maven-surefire-plugin:2.13:test (default-test) @ commons-math3 ---
[INFO] Surefire report directory: /Users/jun/Documents/TA/CS527/milestone_answer/workspace/milestone3/Math_5/Buggy-Version/target/surefire-reports

-------------------------------------------------------
 T E S T S
-------------------------------------------------------
Running ErrorTest0
Tests run: 1, Failures: 1, Errors: 0, Skipped: 0, Time elapsed: 0.088 sec <<< FAILURE!
test1(ErrorTest0)  Time elapsed: 0.037 sec  <<< FAILURE!
java.lang.AssertionError: Contract failed: equals-hashcode on complex0 and complex4
	at org.junit.Assert.fail(Assert.java:88)
	at org.junit.Assert.assertTrue(Assert.java:41)
	at ErrorTest0.test1(ErrorTest0.java:16)

Running RegressionTest
Tests run: 81, Failures: 0, Errors: 0, Skipped: 0, Time elapsed: 0.1 sec
Running ErrorTest
Tests run: 1, Failures: 1, Errors: 0, Skipped: 0, Time elapsed: 0.004 sec <<< FAILURE!
test1(ErrorTest0)  Time elapsed: 0.003 sec  <<< FAILURE!
java.lang.AssertionError: Contract failed: equals-hashcode on complex0 and complex4
	at org.junit.Assert.fail(Assert.java:88)
	at org.junit.Assert.assertTrue(Assert.java:41)
	at ErrorTest0.test1(ErrorTest0.java:16)

Running RegressionTest0
Tests run: 81, Failures: 0, Errors: 0, Skipped: 0, Time elapsed: 0.038 sec

Results :

Failed tests: 
  ErrorTest0.test1:16 Contract failed: equals-hashcode on complex0 and complex4
  ErrorTest0.test1:16 Contract failed: equals-hashcode on complex0 and complex4

Tests run: 164, Failures: 2, Errors: 0, Skipped: 0

[INFO] ------------------------------------------------------------------------
[INFO] BUILD FAILURE
[INFO] ------------------------------------------------------------------------
[INFO] Total time:  25.242 s
[INFO] Finished at: 2024-06-05T00:51:13+08:00
[INFO] ------------------------------------------------------------------------
[ERROR] Failed to execute goal org.apache.maven.plugins:maven-surefire-plugin:2.13:test (default-test) on project commons-math3: There are test failures.
[ERROR] 
[ERROR] Please refer to /Users/jun/Documents/TA/CS527/milestone_answer/workspace/milestone3/Math_5/Buggy-Version/target/surefire-reports for the individual test results.
[ERROR] -> [Help 1]
[ERROR] 
[ERROR] To see the full stack trace of the errors, re-run Maven with the -e switch.
[ERROR] Re-run Maven using the -X switch to enable full debug logging.
[ERROR] 
[ERROR] For more information about the errors and possible solutions, please read the following articles:
[ERROR] [Help 1] http://cwiki.apache.org/confluence/display/MAVEN/MojoFailureException
[INFO] Build failures were ignored.
