[INFO] Scanning for projects...
[INFO] 
[INFO] -------------------------< quixbugs:quixbugs >--------------------------
[INFO] Building quixbugs 1.0-SNAPSHOT
[INFO]   from pom_for_clover.xml
[INFO] --------------------------------[ jar ]---------------------------------
[INFO] 
[INFO] --- maven-clean-plugin:2.5:clean (default-clean) @ quixbugs ---
[INFO] Deleting /Users/jun/Documents/TA/CS527/milestone_answer/workspace/milestone3/QuixBugs/target
[INFO] 
[INFO] --- maven-resources-plugin:2.6:resources (default-resources) @ quixbugs ---
[WARNING] Using platform encoding (UTF-8 actually) to copy filtered resources, i.e. build is platform dependent!
[INFO] skip non existing resourceDirectory /Users/jun/Documents/TA/CS527/milestone_answer/workspace/milestone3/QuixBugs/src/main/resources
[INFO] 
[INFO] --- maven-compiler-plugin:3.8.0:compile (default-compile) @ quixbugs ---
[INFO] Changes detected - recompiling the module!
[WARNING] File encoding has not been set, using platform encoding UTF-8, i.e. build is platform dependent!
[INFO] Compiling 88 source files to /Users/jun/Documents/TA/CS527/milestone_answer/workspace/milestone3/QuixBugs/target/classes
[INFO] /Users/jun/Documents/TA/CS527/milestone_answer/workspace/milestone3/QuixBugs/src/main/java/java_programs/SHUNTING_YARD.java: Some input files use unchecked or unsafe operations.
[INFO] /Users/jun/Documents/TA/CS527/milestone_answer/workspace/milestone3/QuixBugs/src/main/java/java_programs/SHUNTING_YARD.java: Recompile with -Xlint:unchecked for details.
[INFO] 
[INFO] --- maven-resources-plugin:2.6:testResources (default-testResources) @ quixbugs ---
[WARNING] Using platform encoding (UTF-8 actually) to copy filtered resources, i.e. build is platform dependent!
[INFO] skip non existing resourceDirectory /Users/jun/Documents/TA/CS527/milestone_answer/workspace/milestone3/QuixBugs/src/test/resources
[INFO] 
[INFO] --- maven-compiler-plugin:3.8.0:testCompile (default-testCompile) @ quixbugs ---
[INFO] Changes detected - recompiling the module!
[WARNING] File encoding has not been set, using platform encoding UTF-8, i.e. build is platform dependent!
[INFO] Compiling 101 source files to /Users/jun/Documents/TA/CS527/milestone_answer/workspace/milestone3/QuixBugs/target/test-classes
[INFO] /Users/jun/Documents/TA/CS527/milestone_answer/workspace/milestone3/QuixBugs/src/test/java/java_testcases/junit/crt_program/MERGESORT_TEST.java: Some input files use unchecked or unsafe operations.
[INFO] /Users/jun/Documents/TA/CS527/milestone_answer/workspace/milestone3/QuixBugs/src/test/java/java_testcases/junit/crt_program/MERGESORT_TEST.java: Recompile with -Xlint:unchecked for details.
[INFO] 
[INFO] --- maven-surefire-plugin:3.0.0-M5:test (default-test) @ quixbugs ---
[INFO] 
[INFO] -------------------------------------------------------
[INFO]  T E S T S
[INFO] -------------------------------------------------------
[INFO] Running RegressionTest
[INFO] Tests run: 19, Failures: 0, Errors: 0, Skipped: 0, Time elapsed: 0.072 s - in RegressionTest
[INFO] Running RegressionTest0
[INFO] Tests run: 19, Failures: 0, Errors: 0, Skipped: 0, Time elapsed: 0.003 s - in RegressionTest0
[INFO] Running java_programs.KTH_ESTest
Warning: the font "Times" is not available, so "Lucida Bright" has been substituted, but may have unexpected appearance or behavor. Re-enable the "Times" font to remove this warning.
[INFO] Tests run: 8, Failures: 0, Errors: 0, Skipped: 0, Time elapsed: 2.319 s - in java_programs.KTH_ESTest
[INFO] Running java_testcases.junit.KTH_TEST
[ERROR] Tests run: 7, Failures: 0, Errors: 4, Skipped: 0, Time elapsed: 0.054 s <<< FAILURE! - in java_testcases.junit.KTH_TEST
[ERROR] java_testcases.junit.KTH_TEST.test_0  Time elapsed: 0.031 s  <<< ERROR!
java.lang.IndexOutOfBoundsException: Index: 0, Size: 0
	at java_testcases.junit.KTH_TEST.test_0(KTH_TEST.java:7)

[ERROR] java_testcases.junit.KTH_TEST.test_1  Time elapsed: 0 s  <<< ERROR!
java.lang.IndexOutOfBoundsException: Index: 0, Size: 0
	at java_testcases.junit.KTH_TEST.test_1(KTH_TEST.java:13)

[ERROR] java_testcases.junit.KTH_TEST.test_5  Time elapsed: 0.001 s  <<< ERROR!
java.lang.IndexOutOfBoundsException: Index: 0, Size: 0
	at java_testcases.junit.KTH_TEST.test_5(KTH_TEST.java:37)

[ERROR] java_testcases.junit.KTH_TEST.test_6  Time elapsed: 0.003 s  <<< ERROR!
java.lang.IndexOutOfBoundsException: Index: 0, Size: 0
	at java_testcases.junit.KTH_TEST.test_6(KTH_TEST.java:43)

[INFO] 
[INFO] Results:
[INFO] 
[ERROR] Errors: 
[ERROR]   KTH_TEST.test_0:7 » IndexOutOfBounds Index: 0, Size: 0
[ERROR]   KTH_TEST.test_1:13 » IndexOutOfBounds Index: 0, Size: 0
[ERROR]   KTH_TEST.test_5:37 » IndexOutOfBounds Index: 0, Size: 0
[ERROR]   KTH_TEST.test_6:43 » IndexOutOfBounds Index: 0, Size: 0
[INFO] 
[ERROR] Tests run: 53, Failures: 0, Errors: 4, Skipped: 0
[INFO] 
[INFO] ------------------------------------------------------------------------
[INFO] BUILD FAILURE
[INFO] ------------------------------------------------------------------------
[INFO] Total time:  13.851 s
[INFO] Finished at: 2024-06-05T11:28:26+08:00
[INFO] ------------------------------------------------------------------------
[ERROR] Failed to execute goal org.apache.maven.plugins:maven-surefire-plugin:3.0.0-M5:test (default-test) on project quixbugs: There are test failures.
[ERROR] 
[ERROR] Please refer to /Users/jun/Documents/TA/CS527/milestone_answer/workspace/milestone3/QuixBugs/target/surefire-reports for the individual test results.
[ERROR] Please refer to dump files (if any exist) [date].dump, [date]-jvmRun[N].dump and [date].dumpstream.
[ERROR] -> [Help 1]
[ERROR] 
[ERROR] To see the full stack trace of the errors, re-run Maven with the -e switch.
[ERROR] Re-run Maven using the -X switch to enable full debug logging.
[ERROR] 
[ERROR] For more information about the errors and possible solutions, please read the following articles:
[ERROR] [Help 1] http://cwiki.apache.org/confluence/display/MAVEN/MojoFailureException
[INFO] Build failures were ignored.
